0 info it worked if it ends with ok
1 verbose cli [ '/Users/dml116/.nvm/versions/node/v6.9.5/bin/node',
1 verbose cli   '/Users/dml116/.nvm/versions/node/v6.9.5/bin/npm',
1 verbose cli   'run',
1 verbose cli   'build' ]
2 info using npm@3.10.10
3 info using node@v6.9.5
4 verbose run-script [ 'prebuild', 'build', 'postbuild' ]
5 info lifecycle crew_hr@0.1.0~prebuild: crew_hr@0.1.0
6 silly lifecycle crew_hr@0.1.0~prebuild: no script for prebuild, continuing
7 info lifecycle crew_hr@0.1.0~build: crew_hr@0.1.0
8 verbose lifecycle crew_hr@0.1.0~build: unsafe-perm in lifecycle true
9 verbose lifecycle crew_hr@0.1.0~build: PATH: /Users/dml116/.nvm/versions/node/v6.9.5/lib/node_modules/npm/bin/node-gyp-bin:/Users/dml116/Sites/devdesktop/cwru-dev/docroot/themes/custom/crew_hr/node_modules/.bin:/usr/local/opt/php@7.4/sbin:/usr/local/opt/php@7.4/bin:/Users/dml116/.nvm/versions/node/v6.9.5/bin:/usr/local/bin:/usr/bin:/bin:/usr/sbin:/sbin:/Applications/VMware Fusion.app/Contents/Public:/Library/Apple/usr/bin:/usr/local/opt/php@7.4/sbin:/usr/local/opt/php@7.4/bin:/Users/dml116/.nvm/versions/node/v6.9.5/bin:/Applications/DevDesktop/tools:/Applications/DevDesktop/drush_9:/Applications/DevDesktop/drush_10:/Applications/DevDesktop/tools:/Applications/DevDesktop/drush_9:/Applications/DevDesktop/drush_10
10 verbose lifecycle crew_hr@0.1.0~build: CWD: /Users/dml116/Sites/devdesktop/cwru-dev/docroot/themes/custom/crew_hr
11 silly lifecycle crew_hr@0.1.0~build: Args: [ '-c', 'gulp css' ]
12 silly lifecycle crew_hr@0.1.0~build: Returned: code: 1  signal: null
13 info lifecycle crew_hr@0.1.0~build: Failed to exec build script
14 verbose stack Error: crew_hr@0.1.0 build: `gulp css`
14 verbose stack Exit status 1
14 verbose stack     at EventEmitter.<anonymous> (/Users/dml116/.nvm/versions/node/v6.9.5/lib/node_modules/npm/lib/utils/lifecycle.js:255:16)
14 verbose stack     at emitTwo (events.js:106:13)
14 verbose stack     at EventEmitter.emit (events.js:191:7)
14 verbose stack     at ChildProcess.<anonymous> (/Users/dml116/.nvm/versions/node/v6.9.5/lib/node_modules/npm/lib/utils/spawn.js:40:14)
14 verbose stack     at emitTwo (events.js:106:13)
14 verbose stack     at ChildProcess.emit (events.js:191:7)
14 verbose stack     at maybeClose (internal/child_process.js:877:16)
14 verbose stack     at Process.ChildProcess._handle.onexit (internal/child_process.js:226:5)
15 verbose pkgid crew_hr@0.1.0
16 verbose cwd /Users/dml116/Sites/devdesktop/cwru-dev/docroot/themes/custom/crew_hr
17 error Darwin 20.6.0
18 error argv "/Users/dml116/.nvm/versions/node/v6.9.5/bin/node" "/Users/dml116/.nvm/versions/node/v6.9.5/bin/npm" "run" "build"
19 error node v6.9.5
20 error npm  v3.10.10
21 error code ELIFECYCLE
22 error crew_hr@0.1.0 build: `gulp css`
22 error Exit status 1
23 error Failed at the crew_hr@0.1.0 build script 'gulp css'.
23 error Make sure you have the latest version of node.js and npm installed.
23 error If you do, this is most likely a problem with the crew_hr package,
23 error not with npm itself.
23 error Tell the author that this fails on your system:
23 error     gulp css
23 error You can get information on how to open an issue for this project with:
23 error     npm bugs crew_hr
23 error Or if that isn't available, you can get their info via:
23 error     npm owner ls crew_hr
23 error There is likely additional logging output above.
24 verbose exit [ 1, true ]
